# JRE version: OpenJDK Runtime Environment (11.0.13) (build 11.0.13+0-b1751.21-8125866)
# Java VM: OpenJDK 64-Bit Server VM (11.0.13+0-b1751.21-8125866, mixed mode, tiered, compressed oops, g1 gc, windows-amd64)
Heap:
 garbage-first heap   total 199680K, used 125182K [0x0000000080000000, 0x0000000100000000)
  region size 1024K, 73 young (74752K), 6 survivors (6144K)
 Metaspace       used 78689K, capacity 80446K, committed 80704K, reserved 1120256K
  class space    used 10207K, capacity 10895K, committed 11008K, reserved 1048576K
GC Heap History (20 events):
Event: 2.268 GC heap before
{Heap before GC invocations=2 (full 0):
 garbage-first heap   total 131072K, used 38845K [0x0000000080000000, 0x0000000100000000)
  region size 1024K, 30 young (30720K), 2 survivors (2048K)
 Metaspace       used 10876K, capacity 11073K, committed 11264K, reserved 1058816K
  class space    used 1112K, capacity 1207K, committed 1280K, reserved 1048576K
}
Event: 2.273 GC heap after
{Heap after GC invocations=3 (full 0):
 garbage-first heap   total 131072K, used 12131K [0x0000000080000000, 0x0000000100000000)
  region size 1024K, 4 young (4096K), 4 survivors (4096K)
 Metaspace       used 10876K, capacity 11073K, committed 11264K, reserved 1058816K
  class space    used 1112K, capacity 1207K, committed 1280K, reserved 1048576K
}
Event: 5.305 GC heap before
{Heap before GC invocations=3 (full 0):
 garbage-first heap   total 131072K, used 54115K [0x0000000080000000, 0x0000000100000000)
  region size 1024K, 45 young (46080K), 4 survivors (4096K)
 Metaspace       used 17473K, capacity 17811K, committed 18048K, reserved 1064960K
  class space    used 2018K, capacity 2113K, committed 2176K, reserved 1048576K
}
Event: 5.351 GC heap after
{Heap after GC invocations=4 (full 0):
 garbage-first heap   total 131072K, used 15905K [0x0000000080000000, 0x0000000100000000)
  region size 1024K, 6 young (6144K), 6 survivors (6144K)
 Metaspace       used 17473K, capacity 17811K, committed 18048K, reserved 1064960K
  class space    used 2018K, capacity 2113K, committed 2176K, reserved 1048576K
}
Event: 5.840 GC heap before
{Heap before GC invocations=4 (full 0):
 garbage-first heap   total 131072K, used 46625K [0x0000000080000000, 0x0000000100000000)
  region size 1024K, 37 young (37888K), 6 survivors (6144K)
 Metaspace       used 20827K, capacity 21189K, committed 21296K, reserved 1069056K
  class space    used 2526K, capacity 2688K, committed 2688K, reserved 1048576K
}
Event: 5.848 GC heap after
{Heap after GC invocations=5 (full 0):
 garbage-first heap   total 131072K, used 17506K [0x0000000080000000, 0x0000000100000000)
  region size 1024K, 6 young (6144K), 6 survivors (6144K)
 Metaspace       used 20827K, capacity 21189K, committed 21296K, reserved 1069056K
  class space    used 2526K, capacity 2688K, committed 2688K, reserved 1048576K
}
Event: 6.781 GC heap before
{Heap before GC invocations=6 (full 0):
 garbage-first heap   total 131072K, used 67682K [0x0000000080000000, 0x0000000100000000)
  region size 1024K, 55 young (56320K), 6 survivors (6144K)
 Metaspace       used 26071K, capacity 26689K, committed 27008K, reserved 1073152K
  class space    used 3378K, capacity 3593K, committed 3712K, reserved 1048576K
}
Event: 6.792 GC heap after
{Heap after GC invocations=7 (full 0):
 garbage-first heap   total 131072K, used 19637K [0x0000000080000000, 0x0000000100000000)
  region size 1024K, 4 young (4096K), 4 survivors (4096K)
 Metaspace       used 26071K, capacity 26689K, committed 27008K, reserved 1073152K
  class space    used 3378K, capacity 3593K, committed 3712K, reserved 1048576K
}
Event: 8.712 GC heap before
{Heap before GC invocations=7 (full 0):
 garbage-first heap   total 131072K, used 84149K [0x0000000080000000, 0x0000000100000000)
  region size 1024K, 68 young (69632K), 4 survivors (4096K)
 Metaspace       used 35161K, capacity 35937K, committed 36048K, reserved 1081344K
  class space    used 4509K, capacity 4806K, committed 4864K, reserved 1048576K
}
Event: 8.731 GC heap after
{Heap after GC invocations=8 (full 0):
 garbage-first heap   total 199680K, used 22989K [0x0000000080000000, 0x0000000100000000)
  region size 1024K, 7 young (7168K), 7 survivors (7168K)
 Metaspace       used 35161K, capacity 35937K, committed 36048K, reserved 1081344K
  class space    used 4509K, capacity 4806K, committed 4864K, reserved 1048576K
}
Event: 11.551 GC heap before
{Heap before GC invocations=9 (full 0):
 garbage-first heap   total 199680K, used 138701K [0x0000000080000000, 0x0000000100000000)
  region size 1024K, 117 young (119808K), 7 survivors (7168K)
 Metaspace       used 44817K, capacity 45853K, committed 46032K, reserved 1089536K
  class space    used 5663K, capacity 6070K, committed 6144K, reserved 1048576K
}
Event: 11.570 GC heap after
{Heap after GC invocations=10 (full 0):
 garbage-first heap   total 199680K, used 29979K [0x0000000080000000, 0x0000000100000000)
  region size 1024K, 14 young (14336K), 14 survivors (14336K)
 Metaspace       used 44817K, capacity 45853K, committed 46032K, reserved 1089536K
  class space    used 5663K, capacity 6070K, committed 6144K, reserved 1048576K
}
Event: 14.132 GC heap before
{Heap before GC invocations=10 (full 0):
 garbage-first heap   total 199680K, used 139547K [0x0000000080000000, 0x0000000100000000)
  region size 1024K, 117 young (119808K), 14 survivors (14336K)
 Metaspace       used 52207K, capacity 53585K, committed 53712K, reserved 1095680K
  class space    used 6579K, capacity 7077K, committed 7168K, reserved 1048576K
}
Event: 14.163 GC heap after
{Heap after GC invocations=11 (full 0):
 garbage-first heap   total 199680K, used 42019K [0x0000000080000000, 0x0000000100000000)
  region size 1024K, 15 young (15360K), 15 survivors (15360K)
 Metaspace       used 52207K, capacity 53585K, committed 53712K, reserved 1095680K
  class space    used 6579K, capacity 7077K, committed 7168K, reserved 1048576K
}
Event: 15.600 GC heap before
{Heap before GC invocations=11 (full 0):
 garbage-first heap   total 199680K, used 89123K [0x0000000080000000, 0x0000000100000000)
  region size 1024K, 62 young (63488K), 15 survivors (15360K)
 Metaspace       used 59029K, capacity 60420K, committed 60496K, reserved 1101824K
  class space    used 7448K, capacity 7990K, committed 8064K, reserved 1048576K
}
Event: 15.623 GC heap after
{Heap after GC invocations=12 (full 0):
 garbage-first heap   total 199680K, used 45000K [0x0000000080000000, 0x0000000100000000)
  region size 1024K, 3 young (3072K), 3 survivors (3072K)
 Metaspace       used 59029K, capacity 60420K, committed 60496K, reserved 1101824K
  class space    used 7448K, capacity 7990K, committed 8064K, reserved 1048576K
}
Event: 17.515 GC heap before
{Heap before GC invocations=13 (full 0):
 garbage-first heap   total 199680K, used 142280K [0x0000000080000000, 0x0000000100000000)
  region size 1024K, 91 young (93184K), 3 survivors (3072K)
 Metaspace       used 65114K, capacity 66579K, committed 66752K, reserved 1107968K
  class space    used 8222K, capacity 8787K, committed 8832K, reserved 1048576K
}
Event: 17.533 GC heap after
{Heap after GC invocations=14 (full 0):
 garbage-first heap   total 199680K, used 51882K [0x0000000080000000, 0x0000000100000000)
  region size 1024K, 10 young (10240K), 10 survivors (10240K)
 Metaspace       used 65114K, capacity 66579K, committed 66752K, reserved 1107968K
  class space    used 8222K, capacity 8787K, committed 8832K, reserved 1048576K
}
Event: 20.164 GC heap before
{Heap before GC invocations=15 (full 0):
 garbage-first heap   total 199680K, used 140970K [0x0000000080000000, 0x0000000100000000)
  region size 1024K, 97 young (99328K), 10 survivors (10240K)
 Metaspace       used 72151K, capacity 73754K, committed 73792K, reserved 1114112K
  class space    used 9327K, capacity 9947K, committed 9984K, reserved 1048576K
}
Event: 20.187 GC heap after
{Heap after GC invocations=16 (full 0):
 garbage-first heap   total 199680K, used 57598K [0x0000000080000000, 0x0000000100000000)
  region size 1024K, 6 young (6144K), 6 survivors (6144K)
 Metaspace       used 72151K, capacity 73754K, committed 73792K, reserved 1114112K
  class space    used 9327K, capacity 9947K, committed 9984K, reserved 1048576K
}

