# JRE version: OpenJDK Runtime Environment (11.0.13) (build 11.0.13+0-b1751.21-8125866)
# Java VM: OpenJDK 64-Bit Server VM (11.0.13+0-b1751.21-8125866, mixed mode, tiered, compressed oops, g1 gc, windows-amd64)
Heap:
 garbage-first heap   total 189440K, used 107647K [0x0000000080000000, 0x0000000100000000)
  region size 1024K, 2 young (2048K), 1 survivors (1024K)
 Metaspace       used 108799K, capacity 111733K, committed 111868K, reserved 1153024K
  class space    used 13981K, capacity 15144K, committed 15148K, reserved 1048576K
GC Heap History (20 events):
Event: 28.323 GC heap before
{Heap before GC invocations=31 (full 0):
 garbage-first heap   total 189440K, used 129637K [0x0000000080000000, 0x0000000100000000)
  region size 1024K, 39 young (39936K), 3 survivors (3072K)
 Metaspace       used 88125K, capacity 90284K, committed 90492K, reserved 1128448K
  class space    used 11268K, capacity 12067K, committed 12204K, reserved 1048576K
}
Event: 28.336 GC heap after
{Heap after GC invocations=32 (full 0):
 garbage-first heap   total 189440K, used 96749K [0x0000000080000000, 0x0000000100000000)
  region size 1024K, 5 young (5120K), 5 survivors (5120K)
 Metaspace       used 88125K, capacity 90284K, committed 90492K, reserved 1128448K
  class space    used 11268K, capacity 12067K, committed 12204K, reserved 1048576K
}
Event: 28.402 GC heap before
{Heap before GC invocations=32 (full 0):
 garbage-first heap   total 189440K, used 99821K [0x0000000080000000, 0x0000000100000000)
  region size 1024K, 9 young (9216K), 5 survivors (5120K)
 Metaspace       used 88275K, capacity 90412K, committed 90748K, reserved 1128448K
  class space    used 11289K, capacity 12067K, committed 12204K, reserved 1048576K
}
Event: 28.415 GC heap after
{Heap after GC invocations=33 (full 0):
 garbage-first heap   total 189440K, used 90724K [0x0000000080000000, 0x0000000100000000)
  region size 1024K, 1 young (1024K), 1 survivors (1024K)
 Metaspace       used 88275K, capacity 90412K, committed 90748K, reserved 1128448K
  class space    used 11289K, capacity 12067K, committed 12204K, reserved 1048576K
}
Event: 28.939 GC heap before
{Heap before GC invocations=33 (full 0):
 garbage-first heap   total 189440K, used 130660K [0x0000000080000000, 0x0000000100000000)
  region size 1024K, 41 young (41984K), 1 survivors (1024K)
 Metaspace       used 89376K, capacity 91485K, committed 91644K, reserved 1128448K
  class space    used 11435K, capacity 12229K, committed 12332K, reserved 1048576K
}
Event: 28.946 GC heap after
{Heap after GC invocations=34 (full 0):
 garbage-first heap   total 189440K, used 92089K [0x0000000080000000, 0x0000000100000000)
  region size 1024K, 3 young (3072K), 3 survivors (3072K)
 Metaspace       used 89376K, capacity 91485K, committed 91644K, reserved 1128448K
  class space    used 11435K, capacity 12229K, committed 12332K, reserved 1048576K
}
Event: 34.540 GC heap before
{Heap before GC invocations=35 (full 0):
 garbage-first heap   total 189440K, used 129977K [0x0000000080000000, 0x0000000100000000)
  region size 1024K, 45 young (46080K), 3 survivors (3072K)
 Metaspace       used 92111K, capacity 94289K, committed 94460K, reserved 1130496K
  class space    used 11759K, capacity 12568K, committed 12588K, reserved 1048576K
}
Event: 34.551 GC heap after
{Heap after GC invocations=36 (full 0):
 garbage-first heap   total 189440K, used 91334K [0x0000000080000000, 0x0000000100000000)
  region size 1024K, 6 young (6144K), 6 survivors (6144K)
 Metaspace       used 92111K, capacity 94289K, committed 94460K, reserved 1130496K
  class space    used 11759K, capacity 12568K, committed 12588K, reserved 1048576K
}
Event: 34.618 GC heap before
{Heap before GC invocations=36 (full 0):
 garbage-first heap   total 189440K, used 94406K [0x0000000080000000, 0x0000000100000000)
  region size 1024K, 9 young (9216K), 6 survivors (6144K)
 Metaspace       used 92128K, capacity 94290K, committed 94460K, reserved 1130496K
  class space    used 11759K, capacity 12568K, committed 12588K, reserved 1048576K
}
Event: 34.630 GC heap after
{Heap after GC invocations=37 (full 0):
 garbage-first heap   total 189440K, used 88076K [0x0000000080000000, 0x0000000100000000)
  region size 1024K, 2 young (2048K), 2 survivors (2048K)
 Metaspace       used 92128K, capacity 94290K, committed 94460K, reserved 1130496K
  class space    used 11759K, capacity 12568K, committed 12588K, reserved 1048576K
}
Event: 35.392 GC heap before
{Heap before GC invocations=37 (full 0):
 garbage-first heap   total 189440K, used 134156K [0x0000000080000000, 0x0000000100000000)
  region size 1024K, 48 young (49152K), 2 survivors (2048K)
 Metaspace       used 93004K, capacity 95292K, committed 95356K, reserved 1132544K
  class space    used 11852K, capacity 12689K, committed 12716K, reserved 1048576K
}
Event: 35.402 GC heap after
{Heap after GC invocations=38 (full 0):
 garbage-first heap   total 189440K, used 89912K [0x0000000080000000, 0x0000000100000000)
  region size 1024K, 4 young (4096K), 4 survivors (4096K)
 Metaspace       used 93004K, capacity 95292K, committed 95356K, reserved 1132544K
  class space    used 11852K, capacity 12689K, committed 12716K, reserved 1048576K
}
Event: 36.824 GC heap before
{Heap before GC invocations=39 (full 0):
 garbage-first heap   total 189440K, used 140088K [0x0000000080000000, 0x0000000100000000)
  region size 1024K, 52 young (53248K), 4 survivors (4096K)
 Metaspace       used 99178K, capacity 101509K, committed 101756K, reserved 1138688K
  class space    used 12629K, capacity 13483K, committed 13484K, reserved 1048576K
}
Event: 36.839 GC heap after
{Heap after GC invocations=40 (full 0):
 garbage-first heap   total 189440K, used 97965K [0x0000000080000000, 0x0000000100000000)
  region size 1024K, 7 young (7168K), 7 survivors (7168K)
 Metaspace       used 99178K, capacity 101509K, committed 101756K, reserved 1138688K
  class space    used 12629K, capacity 13483K, committed 13484K, reserved 1048576K
}
Event: 37.004 GC heap before
{Heap before GC invocations=40 (full 0):
 garbage-first heap   total 189440K, used 100013K [0x0000000080000000, 0x0000000100000000)
  region size 1024K, 9 young (9216K), 7 survivors (7168K)
 Metaspace       used 99208K, capacity 101576K, committed 101756K, reserved 1138688K
  class space    used 12632K, capacity 13484K, committed 13484K, reserved 1048576K
}
Event: 37.015 GC heap after
{Heap after GC invocations=41 (full 0):
 garbage-first heap   total 189440K, used 98321K [0x0000000080000000, 0x0000000100000000)
  region size 1024K, 2 young (2048K), 2 survivors (2048K)
 Metaspace       used 99208K, capacity 101576K, committed 101756K, reserved 1138688K
  class space    used 12632K, capacity 13484K, committed 13484K, reserved 1048576K
}
Event: 39.308 GC heap before
{Heap before GC invocations=41 (full 0):
 garbage-first heap   total 189440K, used 145425K [0x0000000080000000, 0x0000000100000000)
  region size 1024K, 47 young (48128K), 2 survivors (2048K)
 Metaspace       used 102157K, capacity 104660K, committed 104828K, reserved 1140736K
  class space    used 12997K, capacity 13923K, committed 13996K, reserved 1048576K
}
Event: 39.322 GC heap after
{Heap after GC invocations=42 (full 0):
 garbage-first heap   total 189440K, used 103514K [0x0000000080000000, 0x0000000100000000)
  region size 1024K, 6 young (6144K), 6 survivors (6144K)
 Metaspace       used 102157K, capacity 104660K, committed 104828K, reserved 1140736K
  class space    used 12997K, capacity 13923K, committed 13996K, reserved 1048576K
}
Event: 40.570 GC heap before
{Heap before GC invocations=43 (full 0):
 garbage-first heap   total 189440K, used 145498K [0x0000000080000000, 0x0000000100000000)
  region size 1024K, 49 young (50176K), 6 survivors (6144K)
 Metaspace       used 108157K, capacity 110994K, committed 111228K, reserved 1144832K
  class space    used 13856K, capacity 14997K, committed 15020K, reserved 1048576K
}
Event: 40.590 GC heap after
{Heap after GC invocations=44 (full 0):
 garbage-first heap   total 189440K, used 109107K [0x0000000080000000, 0x0000000100000000)
  region size 1024K, 7 young (7168K), 7 survivors (7168K)
 Metaspace       used 108157K, capacity 110994K, committed 111228K, reserved 1144832K
  class space    used 13856K, capacity 14997K, committed 15020K, reserved 1048576K
}

